<?xml version="1.0" encoding="UTF-8"?>
<!-- Generated by org.testng.reporters.JUnitReportReporter -->
<testsuite hostname="LAPTOP-33RSLTBH" failures="0" tests="1" name="com.opencart.testcases.Register" time="3.867" errors="0" timestamp="2025-03-02T23:26:18 IST" skipped="0">
  <testcase classname="com.opencart.testcases.Register" name="verifyRegistrationWithMandatoryFields" time="3.867"/>
</testsuite> <!-- com.opencart.testcases.Register -->
