<?xml version="1.0" encoding="UTF-8"?>
<!-- Generated by org.testng.reporters.JUnitReportReporter -->
<testsuite hostname="LAPTOP-33RSLTBH" failures="0" tests="10" name="com.opencart.testcases.Login" time="61.129" errors="0" timestamp="2025-03-03T20:08:48 IST" skipped="0">
  <testcase classname="com.opencart.testcases.Login" name="verifyLoginWithValidCredentials" time="4.634"/>
  <system-out/>
  <testcase classname="com.opencart.testcases.Login" name="verifyLoginWithValidCredentials" time="11.867"/>
  <system-out/>
  <testcase classname="com.opencart.testcases.Login" name="verifyLoginWithDataProvider" time="5.331"/>
  <system-out/>
  <testcase classname="com.opencart.testcases.Login" name="verifyLoginWithDataProvider" time="4.856"/>
  <system-out/>
  <testcase classname="com.opencart.testcases.Login" name="verifyLoginWithDataProvider" time="6.153"/>
  <system-out/>
  <testcase classname="com.opencart.testcases.Login" name="verifyLoginWithDataProvider" time="6.526"/>
  <system-out/>
  <testcase classname="com.opencart.testcases.Login" name="verifyLoginWithInvalidCredentials" time="4.121"/>
  <system-out/>
  <testcase classname="com.opencart.testcases.Login" name="verifyLoginWithInvalidCredentials" time="5.168"/>
  <system-out/>
  <testcase classname="com.opencart.testcases.Login" name="verifyLoginWithInvalidEmailAndValidPassword" time="8.075"/>
  <system-out/>
  <testcase classname="com.opencart.testcases.Login" name="verifyLoginWithInvalidEmailAndValidPassword" time="4.398"/>
  <system-out/>
</testsuite> <!-- com.opencart.testcases.Login -->
