<?xml version="1.0" encoding="UTF-8"?>
<!-- Generated by org.testng.reporters.JUnitReportReporter -->
<testsuite hostname="LAPTOP-33RSLTBH" failures="0" tests="2" name="com.opencart.testcases.Register" time="16.967" errors="0" timestamp="2025-03-03T20:08:48 IST" skipped="0">
  <testcase classname="com.opencart.testcases.Register" name="verifyRegistrationWithMandatoryFields" time="9.310"/>
  <system-out/>
  <testcase classname="com.opencart.testcases.Register" name="verifyRegistrationWithMandatoryFields" time="7.657"/>
  <system-out/>
</testsuite> <!-- com.opencart.testcases.Register -->
