<?xml version="1.0" encoding="UTF-8"?>
<!-- Generated by org.testng.reporters.JUnitReportReporter -->
<testsuite hostname="LAPTOP-33RSLTBH" failures="0" tests="2" name="com.opencart.testcases.SearchProduct" time="6.418" errors="0" timestamp="2025-03-02T23:26:18 IST" skipped="0">
  <testcase classname="com.opencart.testcases.SearchProduct" name="verifyValidProductSearch" time="3.372"/>
  <testcase classname="com.opencart.testcases.SearchProduct" name="verifyInvalidProductSearch" time="3.046"/>
</testsuite> <!-- com.opencart.testcases.SearchProduct -->
