<?xml version="1.0" encoding="UTF-8"?>
<!-- Generated by org.testng.reporters.JUnitReportReporter -->
<testsuite hostname="LAPTOP-33RSLTBH" failures="0" tests="4" name="com.opencart.testcases.SearchProduct" time="28.945" errors="0" timestamp="2025-03-03T20:08:48 IST" skipped="0">
  <testcase classname="com.opencart.testcases.SearchProduct" name="verifyValidProductSearch" time="8.531"/>
  <system-out/>
  <testcase classname="com.opencart.testcases.SearchProduct" name="verifyValidProductSearch" time="5.878"/>
  <system-out/>
  <testcase classname="com.opencart.testcases.SearchProduct" name="verifyInvalidProductSearch" time="5.258"/>
  <system-out/>
  <testcase classname="com.opencart.testcases.SearchProduct" name="verifyInvalidProductSearch" time="9.278"/>
  <system-out/>
</testsuite> <!-- com.opencart.testcases.SearchProduct -->
