<?xml version="1.0" encoding="UTF-8"?>
<!-- Generated by org.testng.reporters.JUnitReportReporter -->
<testsuite hostname="LAPTOP-33RSLTBH" failures="0" tests="5" name="com.opencart.testcases.Login" time="12.830" errors="0" timestamp="2025-03-02T23:26:18 IST" skipped="0">
  <testcase classname="com.opencart.testcases.Login" name="verifyLoginWithValidCredentials" time="2.652"/>
  <testcase classname="com.opencart.testcases.Login" name="verifyLoginDataDriven" time="2.531"/>
  <testcase classname="com.opencart.testcases.Login" name="verifyLoginDataDriven" time="3.062"/>
  <testcase classname="com.opencart.testcases.Login" name="verifyLoginWithInvalidCredentials" time="2.330"/>
  <testcase classname="com.opencart.testcases.Login" name="verifyLoginWithInvalidEmailAndValidPassword" time="2.255"/>
</testsuite> <!-- com.opencart.testcases.Login -->
